生成启动时间为 2016-12-21 14:23:11。
     1>项目“c:\documents and settings\administrator\我的文档\visual studio 2010\Projects\1-tiger\1-tiger\1-tiger.vcxproj”在节点 2 上(build 个目标)。
     1>PrepareForBuild:
         正在创建目录“c:\documents and settings\administrator\我的文档\visual studio 2010\Projects\1-tiger\Debug\”。
       InitializeBuildStatus:
         正在创建“Debug\1-tiger.unsuccessfulbuild”，因为已指定“AlwaysCreate”。
       ClCompile:
         c:\Program Files\Microsoft Visual Studio 10.0\VC\bin\CL.exe /c /ZI /nologo /W3 /WX- /Od /Oy- /D WIN32 /D _DEBUG /D _WINDOWS /D _UNICODE /D UNICODE /Gm /EHsc /RTC1 /MDd /GS /fp:precise /Zc:wchar_t /Zc:forScope /Fo"Debug\\" /Fd"Debug\vc100.pdb" /Gd /TC /analyze- /errorReport:prompt acllib.c
         acllib.c
         c:\Program Files\Microsoft Visual Studio 10.0\VC\bin\CL.exe /c /ZI /nologo /W3 /WX- /Od /Oy- /D WIN32 /D _DEBUG /D _WINDOWS /D _UNICODE /D UNICODE /Gm /EHsc /RTC1 /MDd /GS /fp:precise /Zc:wchar_t /Zc:forScope /Fo"Debug\\" /Fd"Debug\vc100.pdb" /Gd /TP /analyze- /errorReport:prompt "源.cpp"
         源.cpp
       ManifestResourceCompile:
         c:\Program Files\Microsoft SDKs\Windows\v7.0A\bin\rc.exe /nologo /fo"Debug\1-tiger.exe.embed.manifest.res" Debug\1-tiger_manifest.rc 
       Link:
         c:\Program Files\Microsoft Visual Studio 10.0\VC\bin\link.exe /ERRORREPORT:PROMPT /OUT:"c:\documents and settings\administrator\我的文档\visual studio 2010\Projects\1-tiger\Debug\1-tiger.exe" /INCREMENTAL /NOLOGO kernel32.lib user32.lib gdi32.lib winspool.lib comdlg32.lib advapi32.lib shell32.lib ole32.lib oleaut32.lib uuid.lib odbc32.lib odbccp32.lib /MANIFEST /ManifestFile:"Debug\1-tiger.exe.intermediate.manifest" /MANIFESTUAC:"level='asInvoker' uiAccess='false'" /DEBUG /PDB:"c:\documents and settings\administrator\我的文档\visual studio 2010\Projects\1-tiger\Debug\1-tiger.pdb" /SUBSYSTEM:WINDOWS /TLBID:1 /DYNAMICBASE /NXCOMPAT /IMPLIB:"c:\documents and settings\administrator\我的文档\visual studio 2010\Projects\1-tiger\Debug\1-tiger.lib" /MACHINE:X86 "Debug\1-tiger.exe.embed.manifest.res"
         Debug\acllib.obj
         "Debug\源.obj"
       Manifest:
         c:\Program Files\Microsoft SDKs\Windows\v7.0A\bin\mt.exe /nologo /verbose /out:"Debug\1-tiger.exe.embed.manifest" /manifest "Debug\1-tiger.exe.intermediate.manifest"
         c:\Program Files\Microsoft SDKs\Windows\v7.0A\bin\rc.exe /nologo /fo"Debug\1-tiger.exe.embed.manifest.res" Debug\1-tiger_manifest.rc 
       LinkEmbedManifest:
         c:\Program Files\Microsoft Visual Studio 10.0\VC\bin\link.exe /ERRORREPORT:PROMPT /OUT:"c:\documents and settings\administrator\我的文档\visual studio 2010\Projects\1-tiger\Debug\1-tiger.exe" /INCREMENTAL /NOLOGO kernel32.lib user32.lib gdi32.lib winspool.lib comdlg32.lib advapi32.lib shell32.lib ole32.lib oleaut32.lib uuid.lib odbc32.lib odbccp32.lib /MANIFEST /ManifestFile:"Debug\1-tiger.exe.intermediate.manifest" /MANIFESTUAC:"level='asInvoker' uiAccess='false'" /DEBUG /PDB:"c:\documents and settings\administrator\我的文档\visual studio 2010\Projects\1-tiger\Debug\1-tiger.pdb" /SUBSYSTEM:WINDOWS /TLBID:1 /DYNAMICBASE /NXCOMPAT /IMPLIB:"c:\documents and settings\administrator\我的文档\visual studio 2010\Projects\1-tiger\Debug\1-tiger.lib" /MACHINE:X86 "Debug\1-tiger.exe.embed.manifest.res"
         Debug\acllib.obj
         "Debug\源.obj"
         1-tiger.vcxproj -> c:\documents and settings\administrator\我的文档\visual studio 2010\Projects\1-tiger\Debug\1-tiger.exe
       FinalizeBuildStatus:
         正在删除文件“Debug\1-tiger.unsuccessfulbuild”。
         正在对“Debug\1-tiger.lastbuildstate”执行 Touch 任务。
     1>已完成生成项目“c:\documents and settings\administrator\我的文档\visual studio 2010\Projects\1-tiger\1-tiger\1-tiger.vcxproj”(build 个目标)的操作。

生成成功。

已用时间 00:00:21.47
